<?xml version="1.0" encoding="UTF-8"?>
<!-- Generated by org.testng.reporters.JUnitXMLReporter -->
<testsuite ignored="0" hostname="Dheya" failures="0" tests="3" name="Default test" time="21.284" errors="0" timestamp="2023-07-26T21:12:38 EDT">
  <testcase classname="testng_hw.TestNG_login" name="Login1" time="1.979"/>
  <testcase classname="testng_hw.TestNG_login" name="Login2" time="1.912"/>
  <testcase classname="testng_hw.TestNG_login" name="Login3" time="2.008"/>
</testsuite> <!-- Default test -->
