<?xml version="1.0" encoding="UTF-8"?>
<!-- Generated by org.testng.reporters.JUnitXMLReporter -->
<testsuite ignored="0" hostname="Dheya" failures="0" tests="6" name="Test_Data_provider_prac" time="51.165" errors="0" timestamp="2023-07-29T20:17:11 EDT">
  <testcase classname="Dataprovider_TestNG.Data_provider_Register_2" name="test1" time="8.99"/>
  <testcase classname="Dataprovider_TestNG.Data_provider_Register_2" name="test2" time="8.071"/>
  <testcase classname="Dataprovider_TestNG.Data_provider_Register_3" name="test1" time="7.936"/>
  <testcase classname="Dataprovider_TestNG.Data_provider_Register_3" name="test2" time="8.243"/>
  <testcase classname="Dataprovider_TestNG.Data_provider_Register_1" name="test1" time="8.232"/>
  <testcase classname="Dataprovider_TestNG.Data_provider_Register_1" name="test2" time="8.546"/>
</testsuite> <!-- Test_Data_provider_prac -->
