<?xml version="1.0" encoding="UTF-8"?>
<testng-results ignored="0" total="3" passed="3" failed="0" skipped="0">
  <reporter-output>
  </reporter-output>
  <suite started-at="2023-07-26T21:12:16 EDT" name="Default suite" finished-at="2023-07-26T21:12:37 EDT" duration-ms="21284">
    <groups>
    </groups>
    <test started-at="2023-07-26T21:12:16 EDT" name="Default test" finished-at="2023-07-26T21:12:37 EDT" duration-ms="21284">
      <class name="testng_hw.TestNG_login">
        <test-method is-config="true" signature="Login()[pri:0, instance:testng_hw.TestNG_login@4b45a2f5]" started-at="2023-07-26T21:12:16 EDT" name="Login" finished-at="2023-07-26T21:12:22 EDT" duration-ms="5721" status="PASS">
          <reporter-output>
          </reporter-output>
        </test-method> <!-- Login -->
        <test-method signature="Login1()[pri:1, instance:testng_hw.TestNG_login@4b45a2f5]" started-at="2023-07-26T21:12:22 EDT" name="Login1" finished-at="2023-07-26T21:12:24 EDT" duration-ms="1979" status="PASS">
          <reporter-output>
          </reporter-output>
        </test-method> <!-- Login1 -->
        <test-method is-config="true" signature="teardown()[pri:0, instance:testng_hw.TestNG_login@4b45a2f5]" started-at="2023-07-26T21:12:24 EDT" name="teardown" finished-at="2023-07-26T21:12:24 EDT" duration-ms="180" status="PASS">
          <reporter-output>
          </reporter-output>
        </test-method> <!-- teardown -->
        <test-method is-config="true" signature="Login()[pri:0, instance:testng_hw.TestNG_login@4b45a2f5]" started-at="2023-07-26T21:12:24 EDT" name="Login" finished-at="2023-07-26T21:12:29 EDT" duration-ms="4683" status="PASS">
          <reporter-output>
          </reporter-output>
        </test-method> <!-- Login -->
        <test-method signature="Login2()[pri:2, instance:testng_hw.TestNG_login@4b45a2f5]" started-at="2023-07-26T21:12:29 EDT" name="Login2" finished-at="2023-07-26T21:12:31 EDT" duration-ms="1912" status="PASS">
          <reporter-output>
          </reporter-output>
        </test-method> <!-- Login2 -->
        <test-method is-config="true" signature="teardown()[pri:0, instance:testng_hw.TestNG_login@4b45a2f5]" started-at="2023-07-26T21:12:31 EDT" name="teardown" finished-at="2023-07-26T21:12:31 EDT" duration-ms="174" status="PASS">
          <reporter-output>
          </reporter-output>
        </test-method> <!-- teardown -->
        <test-method is-config="true" signature="Login()[pri:0, instance:testng_hw.TestNG_login@4b45a2f5]" started-at="2023-07-26T21:12:31 EDT" name="Login" finished-at="2023-07-26T21:12:35 EDT" duration-ms="4383" status="PASS">
          <reporter-output>
          </reporter-output>
        </test-method> <!-- Login -->
        <test-method signature="Login3()[pri:3, instance:testng_hw.TestNG_login@4b45a2f5]" started-at="2023-07-26T21:12:35 EDT" name="Login3" finished-at="2023-07-26T21:12:37 EDT" duration-ms="2008" status="PASS">
          <reporter-output>
          </reporter-output>
        </test-method> <!-- Login3 -->
        <test-method is-config="true" signature="teardown()[pri:0, instance:testng_hw.TestNG_login@4b45a2f5]" started-at="2023-07-26T21:12:37 EDT" name="teardown" finished-at="2023-07-26T21:12:37 EDT" duration-ms="179" status="PASS">
          <reporter-output>
          </reporter-output>
        </test-method> <!-- teardown -->
      </class> <!-- testng_hw.TestNG_login -->
    </test> <!-- Default test -->
  </suite> <!-- Default suite -->
</testng-results>
