<?xml version="1.0" encoding="UTF-8"?>
<testng-results ignored="0" total="6" passed="6" failed="0" skipped="0">
  <reporter-output>
  </reporter-output>
  <suite started-at="2023-07-29T20:16:20 EDT" name="Test_Data_provider_prac" finished-at="2023-07-29T20:17:11 EDT" duration-ms="51165">
    <groups>
    </groups>
    <test started-at="2023-07-29T20:16:20 EDT" name="Test_Data_provider_prac" finished-at="2023-07-29T20:17:11 EDT" duration-ms="51165">
      <class name="Dataprovider_TestNG.Data_provider_Register_2">
        <test-method signature="test1(java.lang.String,java.lang.String,java.lang.String,java.lang.String,java.lang.String,java.lang.String)[pri:1, instance:Dataprovider_TestNG.Data_provider_Register_2@1e0b4072]" started-at="2023-07-29T20:16:20 EDT" name="test1" data-provider="TN_Register3" finished-at="2023-07-29T20:16:29 EDT" duration-ms="8990" status="PASS">
          <params>
            <param index="0">
              <value>
                <![CDATA[Ekta2]]>
              </value>
            </param>
            <param index="1">
              <value>
                <![CDATA[Patel]]>
              </value>
            </param>
            <param index="2">
              <value>
                <![CDATA[ep3@gmail.com]]>
              </value>
            </param>
            <param index="3">
              <value>
                <![CDATA[123456789]]>
              </value>
            </param>
            <param index="4">
              <value>
                <![CDATA[Ekta@123]]>
              </value>
            </param>
            <param index="5">
              <value>
                <![CDATA[Ekta@123]]>
              </value>
            </param>
          </params>
          <reporter-output>
          </reporter-output>
        </test-method> <!-- test1 -->
        <test-method is-config="true" signature="tearDown()[pri:0, instance:Dataprovider_TestNG.Data_provider_Register_2@1e0b4072]" started-at="2023-07-29T20:16:29 EDT" name="tearDown" finished-at="2023-07-29T20:16:29 EDT" duration-ms="212" status="PASS">
          <reporter-output>
          </reporter-output>
        </test-method> <!-- tearDown -->
        <test-method signature="test2(java.lang.String,java.lang.String,java.lang.String,java.lang.String,java.lang.String,java.lang.String)[pri:2, instance:Dataprovider_TestNG.Data_provider_Register_2@1e0b4072]" started-at="2023-07-29T20:16:29 EDT" name="test2" data-provider="TN_Register4" finished-at="2023-07-29T20:16:37 EDT" duration-ms="8071" status="PASS">
          <params>
            <param index="0">
              <value>
                <![CDATA[Ekta3]]>
              </value>
            </param>
            <param index="1">
              <value>
                <![CDATA[Patel]]>
              </value>
            </param>
            <param index="2">
              <value>
                <![CDATA[ep4@gmail.com]]>
              </value>
            </param>
            <param index="3">
              <value>
                <![CDATA[123456789]]>
              </value>
            </param>
            <param index="4">
              <value>
                <![CDATA[Ekta@123]]>
              </value>
            </param>
            <param index="5">
              <value>
                <![CDATA[Ekta@123]]>
              </value>
            </param>
          </params>
          <reporter-output>
          </reporter-output>
        </test-method> <!-- test2 -->
        <test-method is-config="true" signature="tearDown()[pri:0, instance:Dataprovider_TestNG.Data_provider_Register_2@1e0b4072]" started-at="2023-07-29T20:16:37 EDT" name="tearDown" finished-at="2023-07-29T20:16:37 EDT" duration-ms="157" status="PASS">
          <reporter-output>
          </reporter-output>
        </test-method> <!-- tearDown -->
      </class> <!-- Dataprovider_TestNG.Data_provider_Register_2 -->
      <class name="Dataprovider_TestNG.Data_provider_Register_3">
        <test-method signature="test1(java.lang.String,java.lang.String,java.lang.String,java.lang.String,java.lang.String,java.lang.String)[pri:1, instance:Dataprovider_TestNG.Data_provider_Register_3@74ea2410]" started-at="2023-07-29T20:16:37 EDT" name="test1" data-provider="TN_Register5" finished-at="2023-07-29T20:16:45 EDT" duration-ms="7936" status="PASS">
          <params>
            <param index="0">
              <value>
                <![CDATA[Ekta4]]>
              </value>
            </param>
            <param index="1">
              <value>
                <![CDATA[Patel]]>
              </value>
            </param>
            <param index="2">
              <value>
                <![CDATA[ep5@gmail.com]]>
              </value>
            </param>
            <param index="3">
              <value>
                <![CDATA[123456789]]>
              </value>
            </param>
            <param index="4">
              <value>
                <![CDATA[Ekta@123]]>
              </value>
            </param>
            <param index="5">
              <value>
                <![CDATA[Ekta@123]]>
              </value>
            </param>
          </params>
          <reporter-output>
          </reporter-output>
        </test-method> <!-- test1 -->
        <test-method is-config="true" signature="tearDown()[pri:0, instance:Dataprovider_TestNG.Data_provider_Register_3@74ea2410]" started-at="2023-07-29T20:16:45 EDT" name="tearDown" finished-at="2023-07-29T20:16:45 EDT" duration-ms="134" status="PASS">
          <reporter-output>
          </reporter-output>
        </test-method> <!-- tearDown -->
        <test-method signature="test2(java.lang.String,java.lang.String,java.lang.String,java.lang.String,java.lang.String,java.lang.String)[pri:2, instance:Dataprovider_TestNG.Data_provider_Register_3@74ea2410]" started-at="2023-07-29T20:16:45 EDT" name="test2" data-provider="TN_Register6" finished-at="2023-07-29T20:16:54 EDT" duration-ms="8243" status="PASS">
          <params>
            <param index="0">
              <value>
                <![CDATA[Ekta5]]>
              </value>
            </param>
            <param index="1">
              <value>
                <![CDATA[Patel]]>
              </value>
            </param>
            <param index="2">
              <value>
                <![CDATA[ep6@gmail.com]]>
              </value>
            </param>
            <param index="3">
              <value>
                <![CDATA[123456789]]>
              </value>
            </param>
            <param index="4">
              <value>
                <![CDATA[Ekta@123]]>
              </value>
            </param>
            <param index="5">
              <value>
                <![CDATA[Ekta@123]]>
              </value>
            </param>
          </params>
          <reporter-output>
          </reporter-output>
        </test-method> <!-- test2 -->
        <test-method is-config="true" signature="tearDown()[pri:0, instance:Dataprovider_TestNG.Data_provider_Register_3@74ea2410]" started-at="2023-07-29T20:16:54 EDT" name="tearDown" finished-at="2023-07-29T20:16:54 EDT" duration-ms="178" status="PASS">
          <reporter-output>
          </reporter-output>
        </test-method> <!-- tearDown -->
      </class> <!-- Dataprovider_TestNG.Data_provider_Register_3 -->
      <class name="Dataprovider_TestNG.Data_provider_Register_1">
        <test-method signature="test1(java.lang.String,java.lang.String,java.lang.String,java.lang.String,java.lang.String,java.lang.String)[pri:1, instance:Dataprovider_TestNG.Data_provider_Register_1@17f62e33]" started-at="2023-07-29T20:16:54 EDT" name="test1" data-provider="TN_Register1" finished-at="2023-07-29T20:17:02 EDT" duration-ms="8232" status="PASS">
          <params>
            <param index="0">
              <value>
                <![CDATA[Ekta]]>
              </value>
            </param>
            <param index="1">
              <value>
                <![CDATA[Patel]]>
              </value>
            </param>
            <param index="2">
              <value>
                <![CDATA[ep1@gmail.com]]>
              </value>
            </param>
            <param index="3">
              <value>
                <![CDATA[123456789]]>
              </value>
            </param>
            <param index="4">
              <value>
                <![CDATA[Ekta@123]]>
              </value>
            </param>
            <param index="5">
              <value>
                <![CDATA[Ekta@123]]>
              </value>
            </param>
          </params>
          <reporter-output>
          </reporter-output>
        </test-method> <!-- test1 -->
        <test-method is-config="true" signature="tearDown()[pri:0, instance:Dataprovider_TestNG.Data_provider_Register_1@17f62e33]" started-at="2023-07-29T20:17:02 EDT" name="tearDown" finished-at="2023-07-29T20:17:02 EDT" duration-ms="183" status="PASS">
          <reporter-output>
          </reporter-output>
        </test-method> <!-- tearDown -->
        <test-method signature="test2(java.lang.String,java.lang.String,java.lang.String,java.lang.String,java.lang.String,java.lang.String)[pri:2, instance:Dataprovider_TestNG.Data_provider_Register_1@17f62e33]" started-at="2023-07-29T20:17:02 EDT" name="test2" data-provider="TN_Register2" finished-at="2023-07-29T20:17:11 EDT" duration-ms="8546" status="PASS">
          <params>
            <param index="0">
              <value>
                <![CDATA[Ekta1]]>
              </value>
            </param>
            <param index="1">
              <value>
                <![CDATA[Patel]]>
              </value>
            </param>
            <param index="2">
              <value>
                <![CDATA[ep2@gmail.com]]>
              </value>
            </param>
            <param index="3">
              <value>
                <![CDATA[123456789]]>
              </value>
            </param>
            <param index="4">
              <value>
                <![CDATA[Ekta@123]]>
              </value>
            </param>
            <param index="5">
              <value>
                <![CDATA[Ekta@123]]>
              </value>
            </param>
          </params>
          <reporter-output>
          </reporter-output>
        </test-method> <!-- test2 -->
        <test-method is-config="true" signature="tearDown()[pri:0, instance:Dataprovider_TestNG.Data_provider_Register_1@17f62e33]" started-at="2023-07-29T20:17:11 EDT" name="tearDown" finished-at="2023-07-29T20:17:11 EDT" duration-ms="187" status="PASS">
          <reporter-output>
          </reporter-output>
        </test-method> <!-- tearDown -->
      </class> <!-- Dataprovider_TestNG.Data_provider_Register_1 -->
    </test> <!-- Test_Data_provider_prac -->
  </suite> <!-- Test_Data_provider_prac -->
</testng-results>
